Running Gradle task 'assembleRelease'...                        

FAILURE: Build failed with an exception.

* What went wrong:
Execution failed for task ':app:mergeReleaseArtProfile'.
> A build operation failed.
      Could not read workspace metadata from C:\Users\joy\.gradle\caches\8.12\transforms\0821e50e467140faa10ae610dc326931\metadata.bin
   > Could not read workspace metadata from C:\Users\joy\.gradle\caches\8.12\transforms\0821e50e467140faa10ae610dc326931\metadata.bin

* Try:
> Run with --stacktrace option to get the stack trace.
> Run with --info or --debug option to get more log output.
> Run with --scan to get full insights.
> Get more help at https://help.gradle.org.

BUILD FAILED in 4s
Running Gradle task 'assembleRelease'...                            5.4s
Gradle task assembleRelease failed with exit code 1
